2025-10-23 09:31:34,814 - prediction_service - INFO - [prediction_service.py:32] - Initializing TicketVolumePredictor with data from data/tickets_dataset_datetime_converted.csv
2025-10-23 09:31:35,131 - prediction_service - INFO - [prediction_service.py:34] - Successfully initialized TicketVolumePredictor
2025-10-23 09:31:55,931 - prediction_service - INFO - [prediction_service.py:32] - Initializing TicketVolumePredictor with data from data/tickets_dataset_datetime_converted.csv
2025-10-23 09:31:56,216 - prediction_service - INFO - [prediction_service.py:34] - Successfully initialized TicketVolumePredictor
2025-10-23 09:32:09,013 - prediction_service - INFO - [prediction_service.py:32] - Initializing TicketVolumePredictor with data from data/tickets_dataset_datetime_converted.csv
2025-10-23 09:32:09,293 - prediction_service - INFO - [prediction_service.py:34] - Successfully initialized TicketVolumePredictor
2025-10-23 09:32:24,808 - prediction_service - INFO - [prediction_service.py:32] - Initializing TicketVolumePredictor with data from data/tickets_dataset_datetime_converted.csv
2025-10-23 09:32:25,090 - prediction_service - INFO - [prediction_service.py:34] - Successfully initialized TicketVolumePredictor
2025-10-23 09:32:37,684 - prediction_service - INFO - [prediction_service.py:32] - Initializing TicketVolumePredictor with data from data/tickets_dataset_datetime_converted.csv
2025-10-23 09:32:37,970 - prediction_service - INFO - [prediction_service.py:34] - Successfully initialized TicketVolumePredictor
2025-10-23 09:32:49,688 - prediction_service - INFO - [prediction_service.py:32] - Initializing TicketVolumePredictor with data from data/tickets_dataset_datetime_converted.csv
2025-10-23 09:32:49,990 - prediction_service - INFO - [prediction_service.py:34] - Successfully initialized TicketVolumePredictor
2025-10-23 09:42:22,646 - prediction_service - INFO - [prediction_service.py:32] - Initializing TicketVolumePredictor with data from data/tickets_dataset_datetime_converted.csv
2025-10-23 09:42:22,902 - prediction_service - INFO - [prediction_service.py:34] - Successfully initialized TicketVolumePredictor
2025-10-23 09:42:25,347 - prediction_service - INFO - [prediction_service.py:32] - Initializing TicketVolumePredictor with data from data/tickets_dataset_datetime_converted.csv
2025-10-23 09:42:25,602 - prediction_service - INFO - [prediction_service.py:34] - Successfully initialized TicketVolumePredictor
2025-10-23 09:42:36,560 - prediction_service - INFO - [prediction_service.py:72] - Predicting tickets for range: 2025-10-23 00:00:00 to 2025-10-28 00:00:00
2025-10-23 09:42:36,562 - prediction_service - ERROR - [prediction_service.py:58] - Prediction helper failed: 'NoneType' object has no attribute 'to_dict'
2025-10-23 09:42:39,461 - prediction_service - INFO - [prediction_service.py:72] - Predicting tickets for range: 2025-10-23 00:00:00 to 2025-10-28 00:00:00
2025-10-23 09:42:39,464 - prediction_service - ERROR - [prediction_service.py:58] - Prediction helper failed: 'NoneType' object has no attribute 'to_dict'
2025-10-23 09:44:58,310 - prediction_service - INFO - [prediction_service.py:36] - Base directory: /home/LabsKraft/tickets-prediction
2025-10-23 09:44:58,310 - prediction_service - INFO - [prediction_service.py:37] - Attempting to load data from: /home/LabsKraft/tickets-prediction/data/tickets_dataset_datetime_converted.csv
2025-10-23 09:44:58,631 - prediction_service - INFO - [prediction_service.py:43] - Successfully initialized TicketVolumePredictor
2025-10-23 09:45:11,991 - prediction_service - INFO - [prediction_service.py:36] - Base directory: /home/LabsKraft/tickets-prediction
2025-10-23 09:45:11,991 - prediction_service - INFO - [prediction_service.py:37] - Attempting to load data from: /home/LabsKraft/tickets-prediction/data/tickets_dataset_datetime_converted.csv
2025-10-23 09:45:12,317 - prediction_service - INFO - [prediction_service.py:43] - Successfully initialized TicketVolumePredictor
2025-10-23 09:45:30,393 - prediction_service - INFO - [prediction_service.py:36] - Base directory: /home/LabsKraft/tickets-prediction
2025-10-23 09:45:30,394 - prediction_service - INFO - [prediction_service.py:37] - Attempting to load data from: /home/LabsKraft/tickets-prediction/data/tickets_dataset_datetime_converted.csv
2025-10-23 09:45:30,986 - prediction_service - INFO - [prediction_service.py:43] - Successfully initialized TicketVolumePredictor
2025-10-23 10:00:52,186 - prediction_service - INFO - [prediction_service.py:36] - Base directory: /home/LabsKraft/tickets-prediction
2025-10-23 10:00:52,187 - prediction_service - INFO - [prediction_service.py:37] - Attempting to load data from: /home/LabsKraft/tickets-prediction/data/tickets_dataset_datetime_converted.csv
2025-10-23 10:00:52,455 - prediction_service - INFO - [prediction_service.py:43] - Successfully initialized TicketVolumePredictor
2025-10-23 10:00:54,723 - prediction_service - INFO - [prediction_service.py:36] - Base directory: /home/LabsKraft/tickets-prediction
2025-10-23 10:00:54,724 - prediction_service - INFO - [prediction_service.py:37] - Attempting to load data from: /home/LabsKraft/tickets-prediction/data/tickets_dataset_datetime_converted.csv
2025-10-23 10:00:54,988 - prediction_service - INFO - [prediction_service.py:43] - Successfully initialized TicketVolumePredictor
2025-10-23 10:01:00,714 - prediction_service - INFO - [prediction_service.py:81] - Predicting tickets for range: 2025-10-23 00:00:00 to 2025-10-28 00:00:00
2025-10-23 10:01:00,716 - prediction_service - ERROR - [prediction_service.py:67] - Prediction helper failed: 'NoneType' object has no attribute 'to_dict'
2025-10-23 10:01:03,180 - prediction_service - INFO - [prediction_service.py:81] - Predicting tickets for range: 2025-10-23 00:00:00 to 2025-10-28 00:00:00
2025-10-23 10:01:03,181 - prediction_service - ERROR - [prediction_service.py:67] - Prediction helper failed: 'NoneType' object has no attribute 'to_dict'
2025-10-23 10:07:23,456 - prediction_service - INFO - [prediction_service.py:81] - Predicting tickets for range: 2025-10-23 00:00:00 to 2025-10-28 00:00:00
2025-10-23 10:07:23,457 - prediction_service - ERROR - [prediction_service.py:67] - Prediction helper failed: 'NoneType' object has no attribute 'to_dict'
2025-10-23 10:07:26,756 - prediction_service - INFO - [prediction_service.py:81] - Predicting tickets for range: 2025-10-23 00:00:00 to 2025-10-28 00:00:00
2025-10-23 10:07:26,759 - prediction_service - ERROR - [prediction_service.py:67] - Prediction helper failed: 'NoneType' object has no attribute 'to_dict'
2025-10-23 10:10:41,394 - prediction_service - INFO - [prediction_service.py:36] - Base directory: /home/LabsKraft/tickets-prediction
2025-10-23 10:10:41,394 - prediction_service - INFO - [prediction_service.py:37] - Attempting to load data from: /home/LabsKraft/tickets-prediction/data/tickets_dataset_datetime_converted.csv
2025-10-23 10:10:41,705 - prediction_service - INFO - [prediction_service.py:43] - Successfully initialized TicketVolumePredictor
2025-10-23 10:10:43,793 - prediction_service - INFO - [prediction_service.py:81] - Predicting tickets for range: 2025-10-23 00:00:00 to 2025-10-28 00:00:00
2025-10-23 10:10:43,794 - prediction_service - ERROR - [prediction_service.py:67] - Prediction helper failed: 'NoneType' object has no attribute 'to_dict'
2025-10-23 10:10:45,872 - prediction_service - INFO - [prediction_service.py:81] - Predicting tickets for range: 2025-10-23 00:00:00 to 2025-10-28 00:00:00
2025-10-23 10:10:45,873 - prediction_service - ERROR - [prediction_service.py:67] - Prediction helper failed: 'NoneType' object has no attribute 'to_dict'
